<?xml version="1.0" encoding="UTF-8"?>
<!-- Generated by org.testng.reporters.JUnitReportReporter -->
<testsuite hostname="LAPTOP-EDU7HGVC" failures="0" tests="6" name="com.day10.automation.TestNG_23July_Assignment" time="58.360" errors="0" timestamp="2023-07-27T01:48:52 EDT" skipped="0">
  <testcase classname="com.day10.automation.TestNG_23July_Assignment" name="loginTestCase1" time="8.948"/>
  <system-out/>
  <testcase classname="com.day10.automation.TestNG_23July_Assignment" name="loginTestCase2" time="7.830"/>
  <system-out/>
  <testcase classname="com.day10.automation.TestNG_23July_Assignment" name="loginTestCase3" time="11.517"/>
  <system-out/>
  <testcase classname="com.day10.automation.TestNG_23July_Assignment" name="registerTestCase4" time="10.175"/>
  <system-out/>
  <testcase classname="com.day10.automation.TestNG_23July_Assignment" name="registerTestCase5" time="9.863"/>
  <system-out/>
  <testcase classname="com.day10.automation.TestNG_23July_Assignment" name="registerTestCase6" time="10.027"/>
  <system-out/>
</testsuite> <!-- com.day10.automation.TestNG_23July_Assignment -->
