<?xml version="1.0" encoding="UTF-8"?>
<!-- Generated by org.testng.reporters.JUnitReportReporter -->
<testsuite hostname="LAPTOP-EDU7HGVC" failures="0" tests="1" name="test" time="0.011" errors="0" timestamp="2023-07-26T21:18:13 EDT" skipped="0">
  <testcase classname="test" name="f" time="0.011"/>
  <system-out/>
</testsuite> <!-- test -->
