<?xml version="1.0" encoding="UTF-8"?>
<!-- Generated by org.testng.reporters.JUnitReportReporter -->
<testsuite hostname="LAPTOP-EDU7HGVC" failures="0" tests="1" name="Class" time="0.012" errors="0" timestamp="2023-07-26T21:16:58 EDT" skipped="0">
  <testcase classname="Class" name="f" time="0.012"/>
  <system-out/>
</testsuite> <!-- Class -->
