<?xml version="1.0" encoding="UTF-8"?>
<!-- Generated by org.testng.reporters.JUnitReportReporter -->
<testsuite hostname="LAPTOP-EDU7HGVC" failures="0" tests="6" name="com.day11DataProvider.automation.ClassAssignment_TN3" time="36.637" errors="0" timestamp="2023-07-27T21:57:43 EDT" skipped="0">
  <testcase classname="com.day11DataProvider.automation.ClassAssignment_TN3" name="loginTestCase1" time="6.117"/>
  <system-out/>
  <testcase classname="com.day11DataProvider.automation.ClassAssignment_TN3" name="loginTestCase1" time="6.133"/>
  <system-out/>
  <testcase classname="com.day11DataProvider.automation.ClassAssignment_TN3" name="loginTestCase1" time="6.128"/>
  <system-out/>
  <testcase classname="com.day11DataProvider.automation.ClassAssignment_TN3" name="loginTestCase2" time="6.130"/>
  <system-out/>
  <testcase classname="com.day11DataProvider.automation.ClassAssignment_TN3" name="loginTestCase2" time="5.998"/>
  <system-out/>
  <testcase classname="com.day11DataProvider.automation.ClassAssignment_TN3" name="loginTestCase2" time="6.131"/>
  <system-out/>
</testsuite> <!-- com.day11DataProvider.automation.ClassAssignment_TN3 -->
